array (
  'workflow_id' => '57e362c52ba382.94214897',
  'code' => 'task_for_kitchen',
  'document_id' => 
  array (
    0 => 'crm',
    1 => 'CCrmDocumentDeal',
    2 => 'DEAL_832',
  ),
  'event_token' => '57e362c52ba382.94214897|A19098_32587_37970_24340|AASsFrwlWo5NORG1cC7V2xa3exHzS72X.b9f42820443f5351d3cae9ee8c70134f19493c991041fddf90f87a61abe6f716',
  'properties' => 
  array (
    'dealID' => '832',
    'startDate' => '22.09.2016 10:49:09',
    'endDate' => '28.09.2016 10:00:00',
  ),
  'use_subscription' => 'N',
  'timeout_duration' => '0',
  'ts' => '1474519749',
  'auth' => 
  array (
    'access_token' => 'oof5ssg1c2395uqo3s6zgly4h2o6hnf7',
    'expires_in' => '3600',
    'scope' => 'bizproc,crm,im,task,tasks_extended,log,user',
    'domain' => 'next.bitrix24.kz',
    'server_endpoint' => 'https://oauth.bitrix.info/rest/',
    'status' => 'L',
    'client_endpoint' => 'https://next.bitrix24.kz/rest/',
    'member_id' => '1f972a08a48cd3c9b71451cdf67c7014',
    'application_token' => '7af9dbe4e7fe42b262c71ec474425f81',
  ),
)


